[0.018s] Invoking command in '/root/ros2_taurus_ws/build/hw_t': CMAKE_PREFIX_PATH=/opt/ros/humble /usr/bin/cmake /root/ros2_taurus_ws/src/hw_t -DCMAKE_INSTALL_PREFIX=/root/ros2_taurus_ws/install/hw_t
[0.183s] -- The C compiler identification is GNU 11.4.0
[0.300s] -- The CXX compiler identification is GNU 11.4.0
[0.316s] -- Detecting C compiler ABI info
[0.406s] -- Detecting C compiler ABI info - done
[0.412s] -- Check for working C compiler: /usr/bin/cc - skipped
[0.413s] -- Detecting C compile features
[0.413s] -- Detecting C compile features - done
[0.416s] -- Detecting CXX compiler ABI info
[0.522s] -- Detecting CXX compiler ABI info - done
[0.529s] -- Check for working CXX compiler: /usr/bin/c++ - skipped
[0.530s] -- Detecting CXX compile features
[0.530s] -- Detecting CXX compile features - done
[0.538s] -- Found ament_cmake: 1.3.11 (/opt/ros/humble/share/ament_cmake/cmake)
[0.676s] -- Found Python3: /usr/bin/python3 (found version "3.10.12") found components: Interpreter 
[0.780s] -- Found ament_lint_auto: 0.12.12 (/opt/ros/humble/share/ament_lint_auto/cmake)
[0.859s] -- Added test 'flake8' to check Python code syntax and style conventions
[0.860s] -- Added test 'lint_cmake' to check CMake code style
[0.861s] -- Added test 'pep257' to check Python code against some of the docstring style conventions in PEP 257
[0.864s] -- Added test 'xmllint' to check XML markup files
[0.866s] -- Configuring done
[0.869s] -- Generating done
[0.871s] -- Build files have been written to: /root/ros2_taurus_ws/build/hw_t
[0.875s] Invoked command in '/root/ros2_taurus_ws/build/hw_t' returned '0': CMAKE_PREFIX_PATH=/opt/ros/humble /usr/bin/cmake /root/ros2_taurus_ws/src/hw_t -DCMAKE_INSTALL_PREFIX=/root/ros2_taurus_ws/install/hw_t
[0.877s] Invoking command in '/root/ros2_taurus_ws/build/hw_t': CMAKE_PREFIX_PATH=/opt/ros/humble /usr/bin/cmake --build /root/ros2_taurus_ws/build/hw_t -- -j12 -l12
[0.930s] Invoked command in '/root/ros2_taurus_ws/build/hw_t' returned '0': CMAKE_PREFIX_PATH=/opt/ros/humble /usr/bin/cmake --build /root/ros2_taurus_ws/build/hw_t -- -j12 -l12
[0.947s] Invoking command in '/root/ros2_taurus_ws/build/hw_t': CMAKE_PREFIX_PATH=/opt/ros/humble /usr/bin/cmake --install /root/ros2_taurus_ws/build/hw_t
[0.957s] -- Install configuration: ""
[0.957s] -- Installing: /root/ros2_taurus_ws/install/hw_t/share/$(PROJECT_NAME)/launch
[0.957s] -- Installing: /root/ros2_taurus_ws/install/hw_t/share/$(PROJECT_NAME)/launch/taurus_urdf_launch.py
[0.957s] -- Installing: /root/ros2_taurus_ws/install/hw_t/share/$(PROJECT_NAME)/stl
[0.957s] -- Installing: /root/ros2_taurus_ws/install/hw_t/share/$(PROJECT_NAME)/stl/Taurus chassis and lifting unit.stl
[1.013s] -- Installing: /root/ros2_taurus_ws/install/hw_t/share/$(PROJECT_NAME)/stl/MTi_6xx.stl
[1.019s] -- Installing: /root/ros2_taurus_ws/install/hw_t/share/$(PROJECT_NAME)/stl/moons_wheel.stl
[1.024s] -- Installing: /root/ros2_taurus_ws/install/hw_t/share/$(PROJECT_NAME)/stl/wheel.stl
[1.029s] -- Installing: /root/ros2_taurus_ws/install/hw_t/share/$(PROJECT_NAME)/stl/d435.dae
[1.050s] -- Installing: /root/ros2_taurus_ws/install/hw_t/share/$(PROJECT_NAME)/stl/chassi_new.stl
[1.062s] -- Installing: /root/ros2_taurus_ws/install/hw_t/share/$(PROJECT_NAME)/stl/Pu_wheel_without_ taper.stl
[1.067s] -- Installing: /root/ros2_taurus_ws/install/hw_t/share/$(PROJECT_NAME)/stl/wheel_new.stl
[1.070s] -- Installing: /root/ros2_taurus_ws/install/hw_t/share/$(PROJECT_NAME)/stl/chasi.stl
[1.086s] -- Installing: /root/ros2_taurus_ws/install/hw_t/share/$(PROJECT_NAME)/stl/Drive_wheel.stl
[1.087s] -- Installing: /root/ros2_taurus_ws/install/hw_t/share/$(PROJECT_NAME)/stl/Taurus_Chassis.stl
[1.103s] -- Installing: /root/ros2_taurus_ws/install/hw_t/share/$(PROJECT_NAME)/urdf
[1.103s] -- Installing: /root/ros2_taurus_ws/install/hw_t/share/$(PROJECT_NAME)/urdf/_d435i.urdf.xacro
[1.103s] -- Installing: /root/ros2_taurus_ws/install/hw_t/share/$(PROJECT_NAME)/urdf/_d435i_imu_modules.urdf.xacro
[1.103s] -- Installing: /root/ros2_taurus_ws/install/hw_t/share/$(PROJECT_NAME)/urdf/wheelcheck.urdf.xacro
[1.103s] -- Installing: /root/ros2_taurus_ws/install/hw_t/share/$(PROJECT_NAME)/urdf/_materials.urdf.xacro
[1.103s] -- Installing: /root/ros2_taurus_ws/install/hw_t/share/$(PROJECT_NAME)/urdf/_d435.urdf.xacro
[1.103s] -- Installing: /root/ros2_taurus_ws/install/hw_t/share/$(PROJECT_NAME)/urdf/_l515.urdf.xacro
[1.104s] -- Installing: /root/ros2_taurus_ws/install/hw_t/share/$(PROJECT_NAME)/urdf/_usb_plug.urdf.xacro
[1.104s] -- Installing: /root/ros2_taurus_ws/install/hw_t/share/$(PROJECT_NAME)/urdf/tauruswheel.urdf.xacro
[1.104s] -- Installing: /root/ros2_taurus_ws/install/hw_t/share/ament_index/resource_index/package_run_dependencies/hw_t
[1.104s] -- Installing: /root/ros2_taurus_ws/install/hw_t/share/ament_index/resource_index/parent_prefix_path/hw_t
[1.105s] -- Installing: /root/ros2_taurus_ws/install/hw_t/share/hw_t/environment/ament_prefix_path.sh
[1.105s] -- Installing: /root/ros2_taurus_ws/install/hw_t/share/hw_t/environment/ament_prefix_path.dsv
[1.105s] -- Installing: /root/ros2_taurus_ws/install/hw_t/share/hw_t/environment/path.sh
[1.105s] -- Installing: /root/ros2_taurus_ws/install/hw_t/share/hw_t/environment/path.dsv
[1.105s] -- Installing: /root/ros2_taurus_ws/install/hw_t/share/hw_t/local_setup.bash
[1.106s] -- Installing: /root/ros2_taurus_ws/install/hw_t/share/hw_t/local_setup.sh
[1.106s] -- Installing: /root/ros2_taurus_ws/install/hw_t/share/hw_t/local_setup.zsh
[1.106s] -- Installing: /root/ros2_taurus_ws/install/hw_t/share/hw_t/local_setup.dsv
[1.106s] -- Installing: /root/ros2_taurus_ws/install/hw_t/share/hw_t/package.dsv
[1.106s] -- Installing: /root/ros2_taurus_ws/install/hw_t/share/ament_index/resource_index/packages/hw_t
[1.107s] -- Installing: /root/ros2_taurus_ws/install/hw_t/share/hw_t/cmake/hw_tConfig.cmake
[1.107s] -- Installing: /root/ros2_taurus_ws/install/hw_t/share/hw_t/cmake/hw_tConfig-version.cmake
[1.107s] -- Installing: /root/ros2_taurus_ws/install/hw_t/share/hw_t/package.xml
[1.110s] Invoked command in '/root/ros2_taurus_ws/build/hw_t' returned '0': CMAKE_PREFIX_PATH=/opt/ros/humble /usr/bin/cmake --install /root/ros2_taurus_ws/build/hw_t
