[0.010s] Invoking command in '/root/ros2_taurus_ws/build/hw_t': CMAKE_PREFIX_PATH=${CMAKE_PREFIX_PATH}:/opt/ros/humble /usr/bin/cmake --build /root/ros2_taurus_ws/build/hw_t -- -j12 -l12
[0.040s] -- Found ament_cmake: 1.3.11 (/opt/ros/humble/share/ament_cmake/cmake)
[0.161s] -- Found ament_lint_auto: 0.12.12 (/opt/ros/humble/share/ament_lint_auto/cmake)
[0.229s] -- Added test 'flake8' to check Python code syntax and style conventions
[0.230s] -- Added test 'lint_cmake' to check CMake code style
[0.230s] -- Added test 'pep257' to check Python code against some of the docstring style conventions in PEP 257
[0.233s] -- Added test 'xmllint' to check XML markup files
[0.233s] -- Configuring done
[0.236s] -- Generating done
[0.238s] -- Build files have been written to: /root/ros2_taurus_ws/build/hw_t
[0.267s] Invoked command in '/root/ros2_taurus_ws/build/hw_t' returned '0': CMAKE_PREFIX_PATH=${CMAKE_PREFIX_PATH}:/opt/ros/humble /usr/bin/cmake --build /root/ros2_taurus_ws/build/hw_t -- -j12 -l12
[0.281s] Invoking command in '/root/ros2_taurus_ws/build/hw_t': CMAKE_PREFIX_PATH=${CMAKE_PREFIX_PATH}:/opt/ros/humble /usr/bin/cmake --install /root/ros2_taurus_ws/build/hw_t
[0.287s] -- Install configuration: ""
[0.287s] -- Installing: /root/ros2_taurus_ws/install/hw_t/share/hw_t/launch
[0.287s] -- Installing: /root/ros2_taurus_ws/install/hw_t/share/hw_t/launch/taurus_urdf_launch.py
[0.288s] -- Installing: /root/ros2_taurus_ws/install/hw_t/share/hw_t/stl
[0.288s] -- Installing: /root/ros2_taurus_ws/install/hw_t/share/hw_t/stl/Taurus chassis and lifting unit.stl
[0.363s] -- Installing: /root/ros2_taurus_ws/install/hw_t/share/hw_t/stl/MTi_6xx.stl
[0.371s] -- Installing: /root/ros2_taurus_ws/install/hw_t/share/hw_t/stl/moons_wheel.stl
[0.376s] -- Installing: /root/ros2_taurus_ws/install/hw_t/share/hw_t/stl/wheel.stl
[0.381s] -- Installing: /root/ros2_taurus_ws/install/hw_t/share/hw_t/stl/d435.dae
[0.403s] -- Installing: /root/ros2_taurus_ws/install/hw_t/share/hw_t/stl/chassi_new.stl
[0.415s] -- Installing: /root/ros2_taurus_ws/install/hw_t/share/hw_t/stl/Pu_wheel_without_ taper.stl
[0.421s] -- Installing: /root/ros2_taurus_ws/install/hw_t/share/hw_t/stl/wheel_new.stl
[0.425s] -- Installing: /root/ros2_taurus_ws/install/hw_t/share/hw_t/stl/chasi.stl
[0.447s] -- Installing: /root/ros2_taurus_ws/install/hw_t/share/hw_t/stl/Drive_wheel.stl
[0.448s] -- Installing: /root/ros2_taurus_ws/install/hw_t/share/hw_t/stl/Taurus_Chassis.stl
[0.467s] -- Installing: /root/ros2_taurus_ws/install/hw_t/share/hw_t/urdf
[0.467s] -- Installing: /root/ros2_taurus_ws/install/hw_t/share/hw_t/urdf/_d435i.urdf.xacro
[0.468s] -- Installing: /root/ros2_taurus_ws/install/hw_t/share/hw_t/urdf/_d435i_imu_modules.urdf.xacro
[0.468s] -- Installing: /root/ros2_taurus_ws/install/hw_t/share/hw_t/urdf/wheelcheck.urdf.xacro
[0.468s] -- Installing: /root/ros2_taurus_ws/install/hw_t/share/hw_t/urdf/_materials.urdf.xacro
[0.468s] -- Installing: /root/ros2_taurus_ws/install/hw_t/share/hw_t/urdf/_d435.urdf.xacro
[0.469s] -- Installing: /root/ros2_taurus_ws/install/hw_t/share/hw_t/urdf/_l515.urdf.xacro
[0.469s] -- Installing: /root/ros2_taurus_ws/install/hw_t/share/hw_t/urdf/_usb_plug.urdf.xacro
[0.469s] -- Installing: /root/ros2_taurus_ws/install/hw_t/share/hw_t/urdf/tauruswheel.urdf.xacro
[0.470s] -- Up-to-date: /root/ros2_taurus_ws/install/hw_t/share/ament_index/resource_index/package_run_dependencies/hw_t
[0.470s] -- Installing: /root/ros2_taurus_ws/install/hw_t/share/ament_index/resource_index/parent_prefix_path/hw_t
[0.470s] -- Up-to-date: /root/ros2_taurus_ws/install/hw_t/share/hw_t/environment/ament_prefix_path.sh
[0.470s] -- Installing: /root/ros2_taurus_ws/install/hw_t/share/hw_t/environment/ament_prefix_path.dsv
[0.470s] -- Up-to-date: /root/ros2_taurus_ws/install/hw_t/share/hw_t/environment/path.sh
[0.470s] -- Installing: /root/ros2_taurus_ws/install/hw_t/share/hw_t/environment/path.dsv
[0.470s] -- Up-to-date: /root/ros2_taurus_ws/install/hw_t/share/hw_t/local_setup.bash
[0.470s] -- Up-to-date: /root/ros2_taurus_ws/install/hw_t/share/hw_t/local_setup.sh
[0.471s] -- Up-to-date: /root/ros2_taurus_ws/install/hw_t/share/hw_t/local_setup.zsh
[0.471s] -- Installing: /root/ros2_taurus_ws/install/hw_t/share/hw_t/local_setup.dsv
[0.471s] -- Installing: /root/ros2_taurus_ws/install/hw_t/share/hw_t/package.dsv
[0.471s] -- Up-to-date: /root/ros2_taurus_ws/install/hw_t/share/ament_index/resource_index/packages/hw_t
[0.471s] -- Up-to-date: /root/ros2_taurus_ws/install/hw_t/share/hw_t/cmake/hw_tConfig.cmake
[0.471s] -- Up-to-date: /root/ros2_taurus_ws/install/hw_t/share/hw_t/cmake/hw_tConfig-version.cmake
[0.471s] -- Up-to-date: /root/ros2_taurus_ws/install/hw_t/share/hw_t/package.xml
[0.473s] Invoked command in '/root/ros2_taurus_ws/build/hw_t' returned '0': CMAKE_PREFIX_PATH=${CMAKE_PREFIX_PATH}:/opt/ros/humble /usr/bin/cmake --install /root/ros2_taurus_ws/build/hw_t
