-- Install configuration: ""
-- Up-to-date: /root/ros2_taurus_ws/install/hw_t/share/hw_t/launch
-- Installing: /root/ros2_taurus_ws/install/hw_t/share/hw_t/launch/taurus_urdf_launch.py
-- Up-to-date: /root/ros2_taurus_ws/install/hw_t/share/hw_t/stl
-- Up-to-date: /root/ros2_taurus_ws/install/hw_t/share/hw_t/stl/Taurus chassis and lifting unit.stl
-- Up-to-date: /root/ros2_taurus_ws/install/hw_t/share/hw_t/stl/MTi_6xx.stl
-- Up-to-date: /root/ros2_taurus_ws/install/hw_t/share/hw_t/stl/moons_wheel.stl
-- Up-to-date: /root/ros2_taurus_ws/install/hw_t/share/hw_t/stl/wheel.stl
-- Up-to-date: /root/ros2_taurus_ws/install/hw_t/share/hw_t/stl/d435.dae
-- Up-to-date: /root/ros2_taurus_ws/install/hw_t/share/hw_t/stl/chassi_new.stl
-- Up-to-date: /root/ros2_taurus_ws/install/hw_t/share/hw_t/stl/Pu_wheel_without_ taper.stl
-- Up-to-date: /root/ros2_taurus_ws/install/hw_t/share/hw_t/stl/wheel_new.stl
-- Up-to-date: /root/ros2_taurus_ws/install/hw_t/share/hw_t/stl/chasi.stl
-- Up-to-date: /root/ros2_taurus_ws/install/hw_t/share/hw_t/stl/Drive_wheel.stl
-- Up-to-date: /root/ros2_taurus_ws/install/hw_t/share/hw_t/stl/Taurus_Chassis.stl
-- Up-to-date: /root/ros2_taurus_ws/install/hw_t/share/hw_t/urdf
-- Up-to-date: /root/ros2_taurus_ws/install/hw_t/share/hw_t/urdf/_d435i.urdf.xacro
-- Up-to-date: /root/ros2_taurus_ws/install/hw_t/share/hw_t/urdf/_d435i_imu_modules.urdf.xacro
-- Installing: /root/ros2_taurus_ws/install/hw_t/share/hw_t/urdf/wheelcheck.urdf.xacro
-- Up-to-date: /root/ros2_taurus_ws/install/hw_t/share/hw_t/urdf/_materials.urdf.xacro
-- Up-to-date: /root/ros2_taurus_ws/install/hw_t/share/hw_t/urdf/_d435.urdf.xacro
-- Up-to-date: /root/ros2_taurus_ws/install/hw_t/share/hw_t/urdf/_l515.urdf.xacro
-- Up-to-date: /root/ros2_taurus_ws/install/hw_t/share/hw_t/urdf/_usb_plug.urdf.xacro
-- Up-to-date: /root/ros2_taurus_ws/install/hw_t/share/hw_t/urdf/tauruswheel.urdf.xacro
-- Up-to-date: /root/ros2_taurus_ws/install/hw_t/share/ament_index/resource_index/package_run_dependencies/hw_t
-- Up-to-date: /root/ros2_taurus_ws/install/hw_t/share/ament_index/resource_index/parent_prefix_path/hw_t
-- Up-to-date: /root/ros2_taurus_ws/install/hw_t/share/hw_t/environment/ament_prefix_path.sh
-- Up-to-date: /root/ros2_taurus_ws/install/hw_t/share/hw_t/environment/ament_prefix_path.dsv
-- Up-to-date: /root/ros2_taurus_ws/install/hw_t/share/hw_t/environment/path.sh
-- Up-to-date: /root/ros2_taurus_ws/install/hw_t/share/hw_t/environment/path.dsv
-- Up-to-date: /root/ros2_taurus_ws/install/hw_t/share/hw_t/local_setup.bash
-- Up-to-date: /root/ros2_taurus_ws/install/hw_t/share/hw_t/local_setup.sh
-- Up-to-date: /root/ros2_taurus_ws/install/hw_t/share/hw_t/local_setup.zsh
-- Up-to-date: /root/ros2_taurus_ws/install/hw_t/share/hw_t/local_setup.dsv
-- Up-to-date: /root/ros2_taurus_ws/install/hw_t/share/hw_t/package.dsv
-- Up-to-date: /root/ros2_taurus_ws/install/hw_t/share/ament_index/resource_index/packages/hw_t
-- Up-to-date: /root/ros2_taurus_ws/install/hw_t/share/hw_t/cmake/hw_tConfig.cmake
-- Up-to-date: /root/ros2_taurus_ws/install/hw_t/share/hw_t/cmake/hw_tConfig-version.cmake
-- Up-to-date: /root/ros2_taurus_ws/install/hw_t/share/hw_t/package.xml
